<?xml version="1.0" encoding="UTF-8"?>
<testsuite name="DimensActionTest" tests="4" skipped="0" failures="0" errors="0" timestamp="2021-07-06T23:19:55" hostname="HACYBEYKER" time="0.03">
  <properties/>
  <testcase name="given un texto con un solo numero when pase por isAnNumber then me devolvera true" classname="DimensActionTest" time="0.03"/>
  <testcase name="given un texto con letras y numeros when pase por isAnNumber then me devolvera false" classname="DimensActionTest" time="0.0"/>
  <testcase name="given un texto con solo numeros when pase por isAnNumber then me devolvera true" classname="DimensActionTest" time="0.0"/>
  <testcase name="given un texto sin enteros when pase por isAnNumber then me devolvera false" classname="DimensActionTest" time="0.0"/>
  <system-out><![CDATA[]]></system-out>
  <system-err><![CDATA[]]></system-err>
</testsuite>
