<?xml version="1.0" encoding="UTF-8"?>
<testsuite name="DimensActionTest" tests="4" skipped="0" failures="0" errors="0" timestamp="2021-07-08T17:07:16" hostname="HACYBEYKER" time="0.026">
  <properties/>
  <testcase name="given a text with only numbers when it goes through the isAnNumber method then return true" classname="DimensActionTest" time="0.025"/>
  <testcase name="given a text without integers when passing through the isAnNumber method then return false" classname="DimensActionTest" time="0.0"/>
  <testcase name="given a text with letters and numbers when it goes through the isAnNumber method then return false" classname="DimensActionTest" time="0.0"/>
  <testcase name="given a text with a single number when it passes through the isAnNumber method then return true" classname="DimensActionTest" time="0.0"/>
  <system-out><![CDATA[]]></system-out>
  <system-err><![CDATA[]]></system-err>
</testsuite>
